{"C:\\Users\\okpal\\Documents\\home\\levn\\workspace\\ece650\\ECE 651\\Project\\ece651-candidvote\\lib\\passwordUtils.js": {"path":"C:\\Users\\okpal\\Documents\\home\\levn\\workspace\\ece650\\ECE 651\\Project\\ece651-candidvote\\lib\\passwordUtils.js","statementMap":{"0":{"start":{"line":3,"column":15},"end":{"line":3,"column":32}},"1":{"start":{"line":6,"column":15},"end":{"line":6,"column":53}},"2":{"start":{"line":7,"column":18},"end":{"line":7,"column":88}},"3":{"start":{"line":9,"column":4},"end":{"line":12,"column":6}},"4":{"start":{"line":16,"column":21},"end":{"line":16,"column":91}},"5":{"start":{"line":17,"column":4},"end":{"line":17,"column":31}},"6":{"start":{"line":20,"column":0},"end":{"line":20,"column":45}},"7":{"start":{"line":21,"column":0},"end":{"line":21,"column":41}}},"fnMap":{"0":{"name":"genPassword","decl":{"start":{"line":5,"column":9},"end":{"line":5,"column":20}},"loc":{"start":{"line":5,"column":31},"end":{"line":13,"column":1}},"line":5},"1":{"name":"validPassword","decl":{"start":{"line":15,"column":9},"end":{"line":15,"column":22}},"loc":{"start":{"line":15,"column":45},"end":{"line":18,"column":1}},"line":15}},"branchMap":{},"s":{"0":3,"1":0,"2":0,"3":0,"4":0,"5":0,"6":3,"7":3},"f":{"0":0,"1":0},"b":{},"_coverageSchema":"1a1c01bbd47fc00a2c39e90264f33305004495a9","hash":"547469829b5787a0ca7702d8401861b4451baba8"}
,"C:\\Users\\okpal\\Documents\\home\\levn\\workspace\\ece650\\ECE 651\\Project\\ece651-candidvote\\models\\events.js": {"path":"C:\\Users\\okpal\\Documents\\home\\levn\\workspace\\ece650\\ECE 651\\Project\\ece651-candidvote\\models\\events.js","statementMap":{"0":{"start":{"line":3,"column":17},"end":{"line":3,"column":36}},"1":{"start":{"line":6,"column":19},"end":{"line":46,"column":2}},"2":{"start":{"line":50,"column":0},"end":{"line":52,"column":2}}},"fnMap":{},"branchMap":{},"s":{"0":1,"1":1,"2":1},"f":{},"b":{},"_coverageSchema":"1a1c01bbd47fc00a2c39e90264f33305004495a9","hash":"1ce5c26518bb4c2bba60b49d9dd5eab541f200dd"}
,"C:\\Users\\okpal\\Documents\\home\\levn\\workspace\\ece650\\ECE 651\\Project\\ece651-candidvote\\models\\users.js": {"path":"C:\\Users\\okpal\\Documents\\home\\levn\\workspace\\ece650\\ECE 651\\Project\\ece651-candidvote\\models\\users.js","statementMap":{"0":{"start":{"line":3,"column":17},"end":{"line":3,"column":36}},"1":{"start":{"line":6,"column":18},"end":{"line":67,"column":2}},"2":{"start":{"line":71,"column":0},"end":{"line":73,"column":2}}},"fnMap":{},"branchMap":{},"s":{"0":3,"1":3,"2":3},"f":{},"b":{},"_coverageSchema":"1a1c01bbd47fc00a2c39e90264f33305004495a9","hash":"1e01f21234e21a5d4039a67e47e21e3c83143b6b"}
,"C:\\Users\\okpal\\Documents\\home\\levn\\workspace\\ece650\\ECE 651\\Project\\ece651-candidvote\\routes\\authMiddleware.js": {"path":"C:\\Users\\okpal\\Documents\\home\\levn\\workspace\\ece650\\ECE 651\\Project\\ece651-candidvote\\routes\\authMiddleware.js","statementMap":{"0":{"start":{"line":4,"column":0},"end":{"line":10,"column":1}},"1":{"start":{"line":5,"column":4},"end":{"line":9,"column":5}},"2":{"start":{"line":6,"column":8},"end":{"line":6,"column":15}},"3":{"start":{"line":8,"column":8},"end":{"line":8,"column":84}},"4":{"start":{"line":13,"column":0},"end":{"line":19,"column":1}},"5":{"start":{"line":14,"column":4},"end":{"line":18,"column":5}},"6":{"start":{"line":15,"column":8},"end":{"line":15,"column":15}},"7":{"start":{"line":17,"column":8},"end":{"line":17,"column":114}},"8":{"start":{"line":22,"column":0},"end":{"line":28,"column":1}},"9":{"start":{"line":23,"column":4},"end":{"line":27,"column":5}},"10":{"start":{"line":24,"column":8},"end":{"line":24,"column":15}},"11":{"start":{"line":26,"column":8},"end":{"line":26,"column":119}}},"fnMap":{"0":{"name":"(anonymous_0)","decl":{"start":{"line":4,"column":24},"end":{"line":4,"column":25}},"loc":{"start":{"line":4,"column":44},"end":{"line":10,"column":1}},"line":4},"1":{"name":"(anonymous_1)","decl":{"start":{"line":13,"column":25},"end":{"line":13,"column":26}},"loc":{"start":{"line":13,"column":45},"end":{"line":19,"column":1}},"line":13},"2":{"name":"(anonymous_2)","decl":{"start":{"line":22,"column":30},"end":{"line":22,"column":31}},"loc":{"start":{"line":22,"column":50},"end":{"line":28,"column":1}},"line":22}},"branchMap":{"0":{"loc":{"start":{"line":5,"column":4},"end":{"line":9,"column":5}},"type":"if","locations":[{"start":{"line":5,"column":4},"end":{"line":9,"column":5}},{"start":{"line":7,"column":11},"end":{"line":9,"column":5}}],"line":5},"1":{"loc":{"start":{"line":14,"column":4},"end":{"line":18,"column":5}},"type":"if","locations":[{"start":{"line":14,"column":4},"end":{"line":18,"column":5}},{"start":{"line":16,"column":11},"end":{"line":18,"column":5}}],"line":14},"2":{"loc":{"start":{"line":14,"column":8},"end":{"line":14,"column":62}},"type":"binary-expr","locations":[{"start":{"line":14,"column":8},"end":{"line":14,"column":29}},{"start":{"line":14,"column":33},"end":{"line":14,"column":62}}],"line":14},"3":{"loc":{"start":{"line":23,"column":4},"end":{"line":27,"column":5}},"type":"if","locations":[{"start":{"line":23,"column":4},"end":{"line":27,"column":5}},{"start":{"line":25,"column":11},"end":{"line":27,"column":5}}],"line":23},"4":{"loc":{"start":{"line":23,"column":8},"end":{"line":23,"column":67}},"type":"binary-expr","locations":[{"start":{"line":23,"column":8},"end":{"line":23,"column":29}},{"start":{"line":23,"column":33},"end":{"line":23,"column":67}}],"line":23}},"s":{"0":3,"1":0,"2":0,"3":0,"4":3,"5":0,"6":0,"7":0,"8":3,"9":0,"10":0,"11":0},"f":{"0":0,"1":0,"2":0},"b":{"0":[0,0],"1":[0,0],"2":[0,0],"3":[0,0],"4":[0,0]},"_coverageSchema":"1a1c01bbd47fc00a2c39e90264f33305004495a9","hash":"f6f35aa8298da114440ac999c4b6800a59cc42f0"}
,"C:\\Users\\okpal\\Documents\\home\\levn\\workspace\\ece650\\ECE 651\\Project\\ece651-candidvote\\routes\\users.js": {"path":"C:\\Users\\okpal\\Documents\\home\\levn\\workspace\\ece650\\ECE 651\\Project\\ece651-candidvote\\routes\\users.js","statementMap":{"0":{"start":{"line":1,"column":16},"end":{"line":1,"column":34}},"1":{"start":{"line":2,"column":16},"end":{"line":2,"column":35}},"2":{"start":{"line":3,"column":17},"end":{"line":3,"column":36}},"3":{"start":{"line":4,"column":21},"end":{"line":4,"column":36}},"4":{"start":{"line":5,"column":22},"end":{"line":5,"column":53}},"5":{"start":{"line":6,"column":40},"end":{"line":6,"column":67}},"6":{"start":{"line":7,"column":15},"end":{"line":7,"column":41}},"7":{"start":{"line":8,"column":15},"end":{"line":8,"column":31}},"8":{"start":{"line":10,"column":0},"end":{"line":13,"column":3}},"9":{"start":{"line":11,"column":16},"end":{"line":11,"column":33}},"10":{"start":{"line":12,"column":2},"end":{"line":12,"column":18}},"11":{"start":{"line":15,"column":0},"end":{"line":23,"column":3}},"12":{"start":{"line":16,"column":2},"end":{"line":22,"column":3}},"13":{"start":{"line":17,"column":17},"end":{"line":17,"column":59}},"14":{"start":{"line":18,"column":4},"end":{"line":18,"column":19}},"15":{"start":{"line":20,"column":4},"end":{"line":20,"column":20}},"16":{"start":{"line":21,"column":4},"end":{"line":21,"column":47}},"17":{"start":{"line":25,"column":0},"end":{"line":43,"column":3}},"18":{"start":{"line":26,"column":2},"end":{"line":42,"column":3}},"19":{"start":{"line":27,"column":17},"end":{"line":27,"column":59}},"20":{"start":{"line":29,"column":4},"end":{"line":31,"column":5}},"21":{"start":{"line":30,"column":6},"end":{"line":30,"column":34}},"22":{"start":{"line":33,"column":4},"end":{"line":35,"column":5}},"23":{"start":{"line":34,"column":6},"end":{"line":34,"column":38}},"24":{"start":{"line":37,"column":4},"end":{"line":37,"column":22}},"25":{"start":{"line":38,"column":4},"end":{"line":38,"column":19}},"26":{"start":{"line":40,"column":4},"end":{"line":40,"column":20}},"27":{"start":{"line":41,"column":4},"end":{"line":41,"column":47}},"28":{"start":{"line":45,"column":0},"end":{"line":53,"column":3}},"29":{"start":{"line":46,"column":2},"end":{"line":52,"column":3}},"30":{"start":{"line":47,"column":4},"end":{"line":47,"column":49}},"31":{"start":{"line":48,"column":4},"end":{"line":48,"column":27}},"32":{"start":{"line":50,"column":4},"end":{"line":50,"column":20}},"33":{"start":{"line":51,"column":4},"end":{"line":51,"column":47}},"34":{"start":{"line":55,"column":0},"end":{"line":67,"column":3}},"35":{"start":{"line":56,"column":15},"end":{"line":64,"column":4}},"36":{"start":{"line":65,"column":2},"end":{"line":65,"column":20}},"37":{"start":{"line":66,"column":2},"end":{"line":66,"column":17}},"38":{"start":{"line":69,"column":0},"end":{"line":84,"column":3}},"39":{"start":{"line":70,"column":2},"end":{"line":83,"column":3}},"40":{"start":{"line":71,"column":14},"end":{"line":71,"column":16}},"41":{"start":{"line":73,"column":4},"end":{"line":77,"column":5}},"42":{"start":{"line":74,"column":6},"end":{"line":74,"column":51}},"43":{"start":{"line":76,"column":6},"end":{"line":76,"column":51}},"44":{"start":{"line":79,"column":4},"end":{"line":82,"column":7}},"45":{"start":{"line":86,"column":0},"end":{"line":142,"column":3}},"46":{"start":{"line":87,"column":19},"end":{"line":87,"column":49}},"47":{"start":{"line":89,"column":15},"end":{"line":89,"column":28}},"48":{"start":{"line":90,"column":15},"end":{"line":90,"column":28}},"49":{"start":{"line":92,"column":14},"end":{"line":92,"column":22}},"50":{"start":{"line":95,"column":2},"end":{"line":124,"column":4}},"51":{"start":{"line":96,"column":4},"end":{"line":123,"column":5}},"52":{"start":{"line":97,"column":6},"end":{"line":97,"column":58}},"53":{"start":{"line":100,"column":22},"end":{"line":116,"column":8}},"54":{"start":{"line":118,"column":6},"end":{"line":122,"column":9}},"55":{"start":{"line":120,"column":10},"end":{"line":120,"column":28}},"56":{"start":{"line":121,"column":10},"end":{"line":121,"column":17}},"57":{"start":{"line":128,"column":4},"end":{"line":141,"column":3}},"58":{"start":{"line":129,"column":16},"end":{"line":129,"column":18}},"59":{"start":{"line":131,"column":4},"end":{"line":135,"column":5}},"60":{"start":{"line":132,"column":6},"end":{"line":132,"column":51}},"61":{"start":{"line":134,"column":6},"end":{"line":134,"column":51}},"62":{"start":{"line":137,"column":4},"end":{"line":140,"column":7}},"63":{"start":{"line":144,"column":0},"end":{"line":144,"column":24}}},"fnMap":{"0":{"name":"(anonymous_0)","decl":{"start":{"line":10,"column":24},"end":{"line":10,"column":25}},"loc":{"start":{"line":10,"column":44},"end":{"line":13,"column":1}},"line":10},"1":{"name":"(anonymous_1)","decl":{"start":{"line":15,"column":28},"end":{"line":15,"column":29}},"loc":{"start":{"line":15,"column":48},"end":{"line":23,"column":1}},"line":15},"2":{"name":"(anonymous_2)","decl":{"start":{"line":25,"column":31},"end":{"line":25,"column":32}},"loc":{"start":{"line":25,"column":51},"end":{"line":43,"column":1}},"line":25},"3":{"name":"(anonymous_3)","decl":{"start":{"line":45,"column":33},"end":{"line":45,"column":34}},"loc":{"start":{"line":45,"column":53},"end":{"line":53,"column":1}},"line":45},"4":{"name":"(anonymous_4)","decl":{"start":{"line":55,"column":27},"end":{"line":55,"column":28}},"loc":{"start":{"line":55,"column":47},"end":{"line":67,"column":1}},"line":55},"5":{"name":"(anonymous_5)","decl":{"start":{"line":69,"column":55},"end":{"line":69,"column":56}},"loc":{"start":{"line":69,"column":67},"end":{"line":84,"column":1}},"line":69},"6":{"name":"(anonymous_6)","decl":{"start":{"line":86,"column":25},"end":{"line":86,"column":26}},"loc":{"start":{"line":86,"column":45},"end":{"line":125,"column":1}},"line":86},"7":{"name":"(anonymous_7)","decl":{"start":{"line":95,"column":45},"end":{"line":95,"column":46}},"loc":{"start":{"line":95,"column":55},"end":{"line":124,"column":3}},"line":95},"8":{"name":"(anonymous_8)","decl":{"start":{"line":119,"column":14},"end":{"line":119,"column":15}},"loc":{"start":{"line":119,"column":24},"end":{"line":122,"column":7}},"line":119},"9":{"name":"(anonymous_9)","decl":{"start":{"line":127,"column":4},"end":{"line":127,"column":5}},"loc":{"start":{"line":127,"column":16},"end":{"line":142,"column":1}},"line":127}},"branchMap":{"0":{"loc":{"start":{"line":29,"column":4},"end":{"line":31,"column":5}},"type":"if","locations":[{"start":{"line":29,"column":4},"end":{"line":31,"column":5}},{"start":{},"end":{}}],"line":29},"1":{"loc":{"start":{"line":33,"column":4},"end":{"line":35,"column":5}},"type":"if","locations":[{"start":{"line":33,"column":4},"end":{"line":35,"column":5}},{"start":{},"end":{}}],"line":33},"2":{"loc":{"start":{"line":70,"column":2},"end":{"line":83,"column":3}},"type":"if","locations":[{"start":{"line":70,"column":2},"end":{"line":83,"column":3}},{"start":{},"end":{}}],"line":70},"3":{"loc":{"start":{"line":73,"column":4},"end":{"line":77,"column":5}},"type":"if","locations":[{"start":{"line":73,"column":4},"end":{"line":77,"column":5}},{"start":{"line":75,"column":11},"end":{"line":77,"column":5}}],"line":73},"4":{"loc":{"start":{"line":73,"column":7},"end":{"line":73,"column":74}},"type":"binary-expr","locations":[{"start":{"line":73,"column":7},"end":{"line":73,"column":36}},{"start":{"line":73,"column":40},"end":{"line":73,"column":74}}],"line":73},"5":{"loc":{"start":{"line":96,"column":4},"end":{"line":123,"column":5}},"type":"if","locations":[{"start":{"line":96,"column":4},"end":{"line":123,"column":5}},{"start":{"line":98,"column":11},"end":{"line":123,"column":5}}],"line":96},"6":{"loc":{"start":{"line":128,"column":4},"end":{"line":141,"column":3}},"type":"if","locations":[{"start":{"line":128,"column":4},"end":{"line":141,"column":3}},{"start":{},"end":{}}],"line":128},"7":{"loc":{"start":{"line":131,"column":4},"end":{"line":135,"column":5}},"type":"if","locations":[{"start":{"line":131,"column":4},"end":{"line":135,"column":5}},{"start":{"line":133,"column":11},"end":{"line":135,"column":5}}],"line":131},"8":{"loc":{"start":{"line":131,"column":7},"end":{"line":131,"column":74}},"type":"binary-expr","locations":[{"start":{"line":131,"column":7},"end":{"line":131,"column":36}},{"start":{"line":131,"column":40},"end":{"line":131,"column":74}}],"line":131}},"s":{"0":3,"1":3,"2":3,"3":3,"4":3,"5":3,"6":3,"7":3,"8":3,"9":0,"10":0,"11":3,"12":0,"13":0,"14":0,"15":0,"16":0,"17":3,"18":0,"19":0,"20":0,"21":0,"22":0,"23":0,"24":0,"25":0,"26":0,"27":0,"28":3,"29":0,"30":0,"31":0,"32":0,"33":0,"34":3,"35":0,"36":0,"37":0,"38":3,"39":0,"40":0,"41":0,"42":0,"43":0,"44":0,"45":3,"46":0,"47":0,"48":0,"49":0,"50":0,"51":0,"52":0,"53":0,"54":0,"55":0,"56":0,"57":0,"58":0,"59":0,"60":0,"61":0,"62":0,"63":3},"f":{"0":0,"1":0,"2":0,"3":0,"4":0,"5":0,"6":0,"7":0,"8":0,"9":0},"b":{"0":[0,0],"1":[0,0],"2":[0,0],"3":[0,0],"4":[0,0],"5":[0,0],"6":[0,0],"7":[0,0],"8":[0,0]},"_coverageSchema":"1a1c01bbd47fc00a2c39e90264f33305004495a9","hash":"69a7d64f67e6ee61f22a0f433eaa675c32c27de9"}
,"C:\\Users\\okpal\\Documents\\home\\levn\\workspace\\ece650\\ECE 651\\Project\\ece651-candidvote\\servers\\user_server.js": {"path":"C:\\Users\\okpal\\Documents\\home\\levn\\workspace\\ece650\\ECE 651\\Project\\ece651-candidvote\\servers\\user_server.js","statementMap":{"0":{"start":{"line":1,"column":16},"end":{"line":1,"column":34}},"1":{"start":{"line":2,"column":15},"end":{"line":2,"column":41}},"2":{"start":{"line":5,"column":13},"end":{"line":5,"column":22}},"3":{"start":{"line":6,"column":1},"end":{"line":6,"column":24}},"4":{"start":{"line":7,"column":1},"end":{"line":7,"column":24}},"5":{"start":{"line":8,"column":1},"end":{"line":8,"column":11}},"6":{"start":{"line":11,"column":0},"end":{"line":11,"column":29}}},"fnMap":{"0":{"name":"createServer","decl":{"start":{"line":4,"column":9},"end":{"line":4,"column":21}},"loc":{"start":{"line":4,"column":24},"end":{"line":9,"column":1}},"line":4}},"branchMap":{},"s":{"0":3,"1":3,"2":3,"3":3,"4":3,"5":3,"6":3},"f":{"0":3},"b":{},"_coverageSchema":"1a1c01bbd47fc00a2c39e90264f33305004495a9","hash":"a150d5ddb6ee5a7f2e7c8e189501e44331d2b9f5"}
}
