TN:
SF:lib\passwordUtils.js
FN:5,genPassword
FN:15,validPassword
FNF:2
FNH:0
FNDA:0,genPassword
FNDA:0,validPassword
DA:3,3
DA:6,0
DA:7,0
DA:9,0
DA:16,0
DA:17,0
DA:20,3
DA:21,3
LF:8
LH:3
BRF:0
BRH:0
end_of_record
TN:
SF:models\events.js
FNF:0
FNH:0
DA:3,1
DA:6,1
DA:50,1
LF:3
LH:3
BRF:0
BRH:0
end_of_record
TN:
SF:models\users.js
FNF:0
FNH:0
DA:3,3
DA:6,3
DA:71,3
LF:3
LH:3
BRF:0
BRH:0
end_of_record
TN:
SF:routes\authMiddleware.js
FN:4,(anonymous_0)
FN:13,(anonymous_1)
FN:22,(anonymous_2)
FNF:3
FNH:0
FNDA:0,(anonymous_0)
FNDA:0,(anonymous_1)
FNDA:0,(anonymous_2)
DA:4,3
DA:5,0
DA:6,0
DA:8,0
DA:13,3
DA:14,0
DA:15,0
DA:17,0
DA:22,3
DA:23,0
DA:24,0
DA:26,0
LF:12
LH:3
BRDA:5,0,0,0
BRDA:5,0,1,0
BRDA:14,1,0,0
BRDA:14,1,1,0
BRDA:14,2,0,0
BRDA:14,2,1,0
BRDA:23,3,0,0
BRDA:23,3,1,0
BRDA:23,4,0,0
BRDA:23,4,1,0
BRF:10
BRH:0
end_of_record
TN:
SF:routes\users.js
FN:10,(anonymous_0)
FN:15,(anonymous_1)
FN:25,(anonymous_2)
FN:45,(anonymous_3)
FN:55,(anonymous_4)
FN:69,(anonymous_5)
FN:86,(anonymous_6)
FN:95,(anonymous_7)
FN:119,(anonymous_8)
FN:127,(anonymous_9)
FNF:10
FNH:0
FNDA:0,(anonymous_0)
FNDA:0,(anonymous_1)
FNDA:0,(anonymous_2)
FNDA:0,(anonymous_3)
FNDA:0,(anonymous_4)
FNDA:0,(anonymous_5)
FNDA:0,(anonymous_6)
FNDA:0,(anonymous_7)
FNDA:0,(anonymous_8)
FNDA:0,(anonymous_9)
DA:1,3
DA:2,3
DA:3,3
DA:4,3
DA:5,3
DA:6,3
DA:7,3
DA:8,3
DA:10,3
DA:11,0
DA:12,0
DA:15,3
DA:16,0
DA:17,0
DA:18,0
DA:20,0
DA:21,0
DA:25,3
DA:26,0
DA:27,0
DA:29,0
DA:30,0
DA:33,0
DA:34,0
DA:37,0
DA:38,0
DA:40,0
DA:41,0
DA:45,3
DA:46,0
DA:47,0
DA:48,0
DA:50,0
DA:51,0
DA:55,3
DA:56,0
DA:65,0
DA:66,0
DA:69,3
DA:70,0
DA:71,0
DA:73,0
DA:74,0
DA:76,0
DA:79,0
DA:86,3
DA:87,0
DA:89,0
DA:90,0
DA:92,0
DA:95,0
DA:96,0
DA:97,0
DA:100,0
DA:118,0
DA:120,0
DA:121,0
DA:128,0
DA:129,0
DA:131,0
DA:132,0
DA:134,0
DA:137,0
DA:144,3
LF:64
LH:16
BRDA:29,0,0,0
BRDA:29,0,1,0
BRDA:33,1,0,0
BRDA:33,1,1,0
BRDA:70,2,0,0
BRDA:70,2,1,0
BRDA:73,3,0,0
BRDA:73,3,1,0
BRDA:73,4,0,0
BRDA:73,4,1,0
BRDA:96,5,0,0
BRDA:96,5,1,0
BRDA:128,6,0,0
BRDA:128,6,1,0
BRDA:131,7,0,0
BRDA:131,7,1,0
BRDA:131,8,0,0
BRDA:131,8,1,0
BRF:18
BRH:0
end_of_record
TN:
SF:servers\user_server.js
FN:4,createServer
FNF:1
FNH:1
FNDA:3,createServer
DA:1,3
DA:2,3
DA:5,3
DA:6,3
DA:7,3
DA:8,3
DA:11,3
LF:7
LH:7
BRF:0
BRH:0
end_of_record
